Tag TDCDsgnIntegerProperty
Name TDCDsgnStringProperty
c TDCDsgnIntegerProperty
Tag TDCDsgnIntegerProperty
Name TDCDsgnStringProperty
c TDCDsgnIntegerProperty
Width TDCDsgnIntegerProperty
Visible TDCDsgnEnumProperty
Version TDCDsgnStringProperty
Top TDCDsgnIntegerProperty
ToolTips TDCDsgnEnumProperty
Tag TDCDsgnIntegerProperty
TabStop TDCDsgnEnumProperty
TabOrder TDCDsgnTabOrderProperty
StateImages TDCDsgnComponentProperty
SortType TDCDsgnEnumProperty
ShowRoot TDCDsgnEnumProperty
ShowLines TDCDsgnEnumProperty
ShowHint TDCDsgnEnumProperty
ShowButtons TDCDsgnEnumProperty
SelectOnlySiblings TDCDsgnEnumProperty
SelectDelay TDCDsgnIntegerProperty
RowSelect TDCDsgnEnumProperty
RightClickSelect TDCDsgnEnumProperty
ReadOnly TDCDsgnEnumProperty
PopupMenu TDCDsgnComponentProperty
ParentShowHint TDCDsgnEnumProperty
ParentFont TDCDsgnEnumProperty
ParentCtl3D TDCDsgnEnumProperty
ParentColor TDCDsgnEnumProperty
ParentBiDiMode TDCDsgnEnumProperty
OnStartDrag TDCDsgnMethodProperty
OnStartDock TDCDsgnMethodProperty
OnSelectionChanged TDCDsgnMethodProperty
OnMouseUp TDCDsgnMethodProperty
OnMouseMove TDCDsgnMethodProperty
OnMouseDown TDCDsgnMethodProperty
OnKeyUp TDCDsgnMethodProperty
OnKeyPress TDCDsgnMethodProperty
OnKeyDown TDCDsgnMethodProperty
OnGetSelectedIndex TDCDsgnMethodProperty
OnGetImageIndex TDCDsgnMethodProperty
OnExpanding TDCDsgnMethodProperty
OnExpanded TDCDsgnMethodProperty
OnExit TDCDsgnMethodProperty
OnEnter TDCDsgnMethodProperty
OnEndDrag TDCDsgnMethodProperty
OnEndDock TDCDsgnMethodProperty
OnEditing TDCDsgnMethodProperty
OnEdited TDCDsgnMethodProperty
OnDragOver TDCDsgnMethodProperty
OnDragDrop TDCDsgnMethodProperty
OnDeletion TDCDsgnMethodProperty
OnDblClick TDCDsgnMethodProperty
OnCustomDrawItem TDCDsgnMethodProperty
OnCustomDraw TDCDsgnMethodProperty
OnCompare TDCDsgnMethodProperty
OnCollapsing TDCDsgnMethodProperty
OnCollapsed TDCDsgnMethodProperty
OnClickCheck TDCDsgnMethodProperty
OnClick TDCDsgnMethodProperty
OnChanging TDCDsgnMethodProperty
OnChange TDCDsgnMethodProperty
OnAdvancedCustomDrawItem TDCDsgnMethodProperty
Name TDCDsgnComponentNameProperty
MultiSelect TDCDsgnEnumProperty
Margins TDCDsgnClassProperty
Left TDCDsgnIntegerProperty
Items TDCModalTreeEdit
Indent TDCDsgnIntegerProperty
Images TDCDsgnComponentProperty
HotTrack TDCDsgnEnumProperty
Hint TDCDsgnStringProperty
HideSelection TDCDsgnEnumProperty
HelpType TDCDsgnEnumProperty
HelpKeyword TDCDsgnStringProperty
HelpContext TDCDsgnIntegerProperty
Height TDCDsgnIntegerProperty
Font TDCDsgnFontProperty
ExpandOnDrag TDCDsgnEnumProperty
Enabled TDCDsgnEnumProperty
DragMode TDCDsgnEnumProperty
DragKind TDCDsgnEnumProperty
DragExpandDelay TDCDsgnIntegerProperty
DragCursor TDCDsgnCursorProperty
DeselectOnButton TDCDsgnEnumProperty
Cursor TDCDsgnCursorProperty
Ctl3D TDCDsgnEnumProperty
Constraints TDCDsgnClassProperty
Color TDCDsgnColorProperty
CheckBoxes TDCDsgnEnumProperty
ChangeDelay TDCDsgnIntegerProperty
BorderWidth TDCDsgnIntegerProperty
BorderStyle TDCDsgnEnumProperty
BiDiMode TDCDsgnEnumProperty
AutoScroll TDCDsgnEnumProperty
AutoExpand TDCDsgnEnumProperty
Anchors TDCDsgnSetProperty
AllowMultiDrag TDCDsgnEnumProperty
AllowGrayed TDCDsgnEnumProperty
AlignWithMargins TDCDsgnEnumProperty
Align TDCDsgnEnumProperty
Width TDCDsgnIntegerProperty
Visible TDCDsgnEnumProperty
Version TDCDsgnStringProperty
Top TDCDsgnIntegerProperty
ToolTips TDCDsgnEnumProperty
Tag TDCDsgnIntegerProperty
TabStop TDCDsgnEnumProperty
TabOrder TDCDsgnTabOrderProperty
StateImages TDCDsgnComponentProperty
SortType TDCDsgnEnumProperty
ShowRoot TDCDsgnEnumProperty
ShowLines TDCDsgnEnumProperty
ShowHint TDCDsgnEnumProperty
ShowButtons TDCDsgnEnumProperty
SelectOnlySiblings TDCDsgnEnumProperty
SelectDelay TDCDsgnIntegerProperty
RowSelect TDCDsgnEnumProperty
RightClickSelect TDCDsgnEnumProperty
ReadOnly TDCDsgnEnumProperty
PopupMenu TDCDsgnComponentProperty
ParentShowHint TDCDsgnEnumProperty
ParentFont TDCDsgnEnumProperty
ParentCtl3D TDCDsgnEnumProperty
ParentColor TDCDsgnEnumProperty
ParentBiDiMode TDCDsgnEnumProperty
OnStartDrag TDCDsgnMethodProperty
OnStartDock TDCDsgnMethodProperty
OnSelectionChanged TDCDsgnMethodProperty
OnMouseUp TDCDsgnMethodProperty
OnMouseMove TDCDsgnMethodProperty
OnMouseDown TDCDsgnMethodProperty
OnKeyUp TDCDsgnMethodProperty
OnKeyPress TDCDsgnMethodProperty
OnKeyDown TDCDsgnMethodProperty
OnGetSelectedIndex TDCDsgnMethodProperty
OnGetImageIndex TDCDsgnMethodProperty
OnExpanding TDCDsgnMethodProperty
OnExpanded TDCDsgnMethodProperty
OnExit TDCDsgnMethodProperty
OnEnter TDCDsgnMethodProperty
OnEndDrag TDCDsgnMethodProperty
OnEndDock TDCDsgnMethodProperty
OnEditing TDCDsgnMethodProperty
OnEdited TDCDsgnMethodProperty
OnDragOver TDCDsgnMethodProperty
OnDragDrop TDCDsgnMethodProperty
OnDeletion TDCDsgnMethodProperty
OnDblClick TDCDsgnMethodProperty
OnCustomDrawItem TDCDsgnMethodProperty
OnCustomDraw TDCDsgnMethodProperty
OnCompare TDCDsgnMethodProperty
OnCollapsing TDCDsgnMethodProperty
OnCollapsed TDCDsgnMethodProperty
OnClickCheck TDCDsgnMethodProperty
OnClick TDCDsgnMethodProperty
OnChanging TDCDsgnMethodProperty
OnChange TDCDsgnMethodProperty
OnAdvancedCustomDrawItem TDCDsgnMethodProperty
Name TDCDsgnComponentNameProperty
MultiSelect TDCDsgnEnumProperty
Margins TDCDsgnClassProperty
Left TDCDsgnIntegerProperty
Items TDCModalTreeEdit
Indent TDCDsgnIntegerProperty
Images TDCDsgnComponentProperty
HotTrack TDCDsgnEnumProperty
Hint TDCDsgnStringProperty
HideSelection TDCDsgnEnumProperty
HelpType TDCDsgnEnumProperty
HelpKeyword TDCDsgnStringProperty
HelpContext TDCDsgnIntegerProperty
Height TDCDsgnIntegerProperty
Font TDCDsgnFontProperty
ExpandOnDrag TDCDsgnEnumProperty
Enabled TDCDsgnEnumProperty
DragMode TDCDsgnEnumProperty
DragKind TDCDsgnEnumProperty
DragExpandDelay TDCDsgnIntegerProperty
DragCursor TDCDsgnCursorProperty
DeselectOnButton TDCDsgnEnumProperty
Cursor TDCDsgnCursorProperty
Ctl3D TDCDsgnEnumProperty
Constraints TDCDsgnClassProperty
Color TDCDsgnColorProperty
CheckBoxes TDCDsgnEnumProperty
ChangeDelay TDCDsgnIntegerProperty
BorderWidth TDCDsgnIntegerProperty
BorderStyle TDCDsgnEnumProperty
BiDiMode TDCDsgnEnumProperty
AutoScroll TDCDsgnEnumProperty
AutoExpand TDCDsgnEnumProperty
Anchors TDCDsgnSetProperty
AllowMultiDrag TDCDsgnEnumProperty
AllowGrayed TDCDsgnEnumProperty
AlignWithMargins TDCDsgnEnumProperty
Align TDCDsgnEnumProperty
Width TDCDsgnIntegerProperty
Visible TDCDsgnEnumProperty
Version TDCDsgnStringProperty
Top TDCDsgnIntegerProperty
ToolTips TDCDsgnEnumProperty
Tag TDCDsgnIntegerProperty
TabStop TDCDsgnEnumProperty
TabOrder TDCDsgnTabOrderProperty
StateImages TDCDsgnComponentProperty
SortType TDCDsgnEnumProperty
ShowRoot TDCDsgnEnumProperty
ShowLines TDCDsgnEnumProperty
ShowHint TDCDsgnEnumProperty
ShowButtons TDCDsgnEnumProperty
SelectOnlySiblings TDCDsgnEnumProperty
SelectDelay TDCDsgnIntegerProperty
RowSelect TDCDsgnEnumProperty
RightClickSelect TDCDsgnEnumProperty
ReadOnly TDCDsgnEnumProperty
PopupMenu TDCDsgnComponentProperty
ParentShowHint TDCDsgnEnumProperty
ParentFont TDCDsgnEnumProperty
ParentCtl3D TDCDsgnEnumProperty
ParentColor TDCDsgnEnumProperty
ParentBiDiMode TDCDsgnEnumProperty
OnStartDrag TDCDsgnMethodProperty
OnStartDock TDCDsgnMethodProperty
OnSelectionChanged TDCDsgnMethodProperty
OnMouseUp TDCDsgnMethodProperty
OnMouseMove TDCDsgnMethodProperty
OnMouseDown TDCDsgnMethodProperty
OnKeyUp TDCDsgnMethodProperty
OnKeyPress TDCDsgnMethodProperty
OnKeyDown TDCDsgnMethodProperty
OnGetSelectedIndex TDCDsgnMethodProperty
OnGetImageIndex TDCDsgnMethodProperty
OnExpanding TDCDsgnMethodProperty
OnExpanded TDCDsgnMethodProperty
OnExit TDCDsgnMethodProperty
OnEnter TDCDsgnMethodProperty
OnEndDrag TDCDsgnMethodProperty
OnEndDock TDCDsgnMethodProperty
OnEditing TDCDsgnMethodProperty
OnEdited TDCDsgnMethodProperty
OnDragOver TDCDsgnMethodProperty
OnDragDrop TDCDsgnMethodProperty
OnDeletion TDCDsgnMethodProperty
OnDblClick TDCDsgnMethodProperty
OnCustomDrawItem TDCDsgnMethodProperty
OnCustomDraw TDCDsgnMethodProperty
OnCompare TDCDsgnMethodProperty
OnCollapsing TDCDsgnMethodProperty
OnCollapsed TDCDsgnMethodProperty
OnClickCheck TDCDsgnMethodProperty
OnClick TDCDsgnMethodProperty
OnChanging TDCDsgnMethodProperty
OnChange TDCDsgnMethodProperty
OnAdvancedCustomDrawItem TDCDsgnMethodProperty
Name TDCDsgnComponentNameProperty
MultiSelect TDCDsgnEnumProperty
Margins TDCDsgnClassProperty
Left TDCDsgnIntegerProperty
Items TDCModalTreeEdit
Indent TDCDsgnIntegerProperty
Images TDCDsgnComponentProperty
HotTrack TDCDsgnEnumProperty
Hint TDCDsgnStringProperty
HideSelection TDCDsgnEnumProperty
HelpType TDCDsgnEnumProperty
HelpKeyword TDCDsgnStringProperty
HelpContext TDCDsgnIntegerProperty
Height TDCDsgnIntegerProperty
Font TDCDsgnFontProperty
ExpandOnDrag TDCDsgnEnumProperty
Enabled TDCDsgnEnumProperty
DragMode TDCDsgnEnumProperty
DragKind TDCDsgnEnumProperty
DragExpandDelay TDCDsgnIntegerProperty
DragCursor TDCDsgnCursorProperty
DeselectOnButton TDCDsgnEnumProperty
Cursor TDCDsgnCursorProperty
Ctl3D TDCDsgnEnumProperty
Constraints TDCDsgnClassProperty
Color TDCDsgnColorProperty
CheckBoxes TDCDsgnEnumProperty
ChangeDelay TDCDsgnIntegerProperty
BorderWidth TDCDsgnIntegerProperty
BorderStyle TDCDsgnEnumProperty
BiDiMode TDCDsgnEnumProperty
AutoScroll TDCDsgnEnumProperty
AutoExpand TDCDsgnEnumProperty
Anchors TDCDsgnSetProperty
AllowMultiDrag TDCDsgnEnumProperty
AllowGrayed TDCDsgnEnumProperty
AlignWithMargins TDCDsgnEnumProperty
Align TDCDsgnEnumProperty
Width TDCDsgnIntegerProperty
Visible TDCDsgnEnumProperty
Version TDCDsgnStringProperty
Top TDCDsgnIntegerProperty
ToolTips TDCDsgnEnumProperty
Tag TDCDsgnIntegerProperty
TabStop TDCDsgnEnumProperty
TabOrder TDCDsgnTabOrderProperty
StateImages TDCDsgnComponentProperty
SortType TDCDsgnEnumProperty
ShowRoot TDCDsgnEnumProperty
ShowLines TDCDsgnEnumProperty
ShowHint TDCDsgnEnumProperty
ShowButtons TDCDsgnEnumProperty
SelectOnlySiblings TDCDsgnEnumProperty
SelectDelay TDCDsgnIntegerProperty
RowSelect TDCDsgnEnumProperty
RightClickSelect TDCDsgnEnumProperty
ReadOnly TDCDsgnEnumProperty
PopupMenu TDCDsgnComponentProperty
ParentShowHint TDCDsgnEnumProperty
ParentFont TDCDsgnEnumProperty
ParentCtl3D TDCDsgnEnumProperty
ParentColor TDCDsgnEnumProperty
ParentBiDiMode TDCDsgnEnumProperty
OnStartDrag TDCDsgnMethodProperty
OnStartDock TDCDsgnMethodProperty
OnSelectionChanged TDCDsgnMethodProperty
OnMouseUp TDCDsgnMethodProperty
OnMouseMove TDCDsgnMethodProperty
OnMouseDown TDCDsgnMethodProperty
OnKeyUp TDCDsgnMethodProperty
OnKeyPress TDCDsgnMethodProperty
OnKeyDown TDCDsgnMethodProperty
OnGetSelectedIndex TDCDsgnMethodProperty
OnGetImageIndex TDCDsgnMethodProperty
OnExpanding TDCDsgnMethodProperty
OnExpanded TDCDsgnMethodProperty
OnExit TDCDsgnMethodProperty
OnEnter TDCDsgnMethodProperty
OnEndDrag TDCDsgnMethodProperty
OnEndDock TDCDsgnMethodProperty
OnEditing TDCDsgnMethodProperty
OnEdited TDCDsgnMethodProperty
OnDragOver TDCDsgnMethodProperty
OnDragDrop TDCDsgnMethodProperty
OnDeletion TDCDsgnMethodProperty
OnDblClick TDCDsgnMethodProperty
OnCustomDrawItem TDCDsgnMethodProperty
OnCustomDraw TDCDsgnMethodProperty
OnCompare TDCDsgnMethodProperty
OnCollapsing TDCDsgnMethodProperty
OnCollapsed TDCDsgnMethodProperty
OnClickCheck TDCDsgnMethodProperty
OnClick TDCDsgnMethodProperty
OnChanging TDCDsgnMethodProperty
OnChange TDCDsgnMethodProperty
OnAdvancedCustomDrawItem TDCDsgnMethodProperty
Name TDCDsgnComponentNameProperty
MultiSelect TDCDsgnEnumProperty
Margins TDCDsgnClassProperty
Left TDCDsgnIntegerProperty
Items TDCModalTreeEdit
Indent TDCDsgnIntegerProperty
Images TDCDsgnComponentProperty
HotTrack TDCDsgnEnumProperty
Hint TDCDsgnStringProperty
HideSelection TDCDsgnEnumProperty
HelpType TDCDsgnEnumProperty
HelpKeyword TDCDsgnStringProperty
HelpContext TDCDsgnIntegerProperty
Height TDCDsgnIntegerProperty
Font TDCDsgnFontProperty
ExpandOnDrag TDCDsgnEnumProperty
Enabled TDCDsgnEnumProperty
DragMode TDCDsgnEnumProperty
DragKind TDCDsgnEnumProperty
DragExpandDelay TDCDsgnIntegerProperty
DragCursor TDCDsgnCursorProperty
DeselectOnButton TDCDsgnEnumProperty
Cursor TDCDsgnCursorProperty
Ctl3D TDCDsgnEnumProperty
Constraints TDCDsgnClassProperty
Color TDCDsgnColorProperty
CheckBoxes TDCDsgnEnumProperty
ChangeDelay TDCDsgnIntegerProperty
BorderWidth TDCDsgnIntegerProperty
BorderStyle TDCDsgnEnumProperty
BiDiMode TDCDsgnEnumProperty
AutoScroll TDCDsgnEnumProperty
AutoExpand TDCDsgnEnumProperty
Anchors TDCDsgnSetProperty
AllowMultiDrag TDCDsgnEnumProperty
AllowGrayed TDCDsgnEnumProperty
AlignWithMargins TDCDsgnEnumProperty
Align TDCDsgnEnumProperty
Width TDCDsgnIntegerProperty
Visible TDCDsgnEnumProperty
Version TDCDsgnStringProperty
Top TDCDsgnIntegerProperty
ToolTips TDCDsgnEnumProperty
Tag TDCDsgnIntegerProperty
TabStop TDCDsgnEnumProperty
TabOrder TDCDsgnTabOrderProperty
StateImages TDCDsgnComponentProperty
SortType TDCDsgnEnumProperty
ShowRoot TDCDsgnEnumProperty
ShowLines TDCDsgnEnumProperty
ShowHint TDCDsgnEnumProperty
ShowButtons TDCDsgnEnumProperty
SelectOnlySiblings TDCDsgnEnumProperty
SelectDelay TDCDsgnIntegerProperty
RowSelect TDCDsgnEnumProperty
RightClickSelect TDCDsgnEnumProperty
ReadOnly TDCDsgnEnumProperty
PopupMenu TDCDsgnComponentProperty
ParentShowHint TDCDsgnEnumProperty
ParentFont TDCDsgnEnumProperty
ParentCtl3D TDCDsgnEnumProperty
ParentColor TDCDsgnEnumProperty
ParentBiDiMode TDCDsgnEnumProperty
OnStartDrag TDCDsgnMethodProperty
OnStartDock TDCDsgnMethodProperty
OnSelectionChanged TDCDsgnMethodProperty
OnMouseUp TDCDsgnMethodProperty
OnMouseMove TDCDsgnMethodProperty
OnMouseDown TDCDsgnMethodProperty
OnKeyUp TDCDsgnMethodProperty
OnKeyPress TDCDsgnMethodProperty
OnKeyDown TDCDsgnMethodProperty
OnGetSelectedIndex TDCDsgnMethodProperty
OnGetImageIndex TDCDsgnMethodProperty
OnExpanding TDCDsgnMethodProperty
OnExpanded TDCDsgnMethodProperty
OnExit TDCDsgnMethodProperty
OnEnter TDCDsgnMethodProperty
OnEndDrag TDCDsgnMethodProperty
OnEndDock TDCDsgnMethodProperty
OnEditing TDCDsgnMethodProperty
OnEdited TDCDsgnMethodProperty
OnDragOver TDCDsgnMethodProperty
OnDragDrop TDCDsgnMethodProperty
OnDeletion TDCDsgnMethodProperty
OnDblClick TDCDsgnMethodProperty
OnCustomDrawItem TDCDsgnMethodProperty
OnCustomDraw TDCDsgnMethodProperty
OnCompare TDCDsgnMethodProperty
OnCollapsing TDCDsgnMethodProperty
OnCollapsed TDCDsgnMethodProperty
OnClickCheck TDCDsgnMethodProperty
OnClick TDCDsgnMethodProperty
OnChanging TDCDsgnMethodProperty
OnChange TDCDsgnMethodProperty
OnAdvancedCustomDrawItem TDCDsgnMethodProperty
Name TDCDsgnComponentNameProperty
MultiSelect TDCDsgnEnumProperty
Margins TDCDsgnClassProperty
Left TDCDsgnIntegerProperty
Items TDCModalTreeEdit
Indent TDCDsgnIntegerProperty
Images TDCDsgnComponentProperty
HotTrack TDCDsgnEnumProperty
Hint TDCDsgnStringProperty
HideSelection TDCDsgnEnumProperty
HelpType TDCDsgnEnumProperty
HelpKeyword TDCDsgnStringProperty
HelpContext TDCDsgnIntegerProperty
Height TDCDsgnIntegerProperty
Font TDCDsgnFontProperty
ExpandOnDrag TDCDsgnEnumProperty
Enabled TDCDsgnEnumProperty
DragMode TDCDsgnEnumProperty
DragKind TDCDsgnEnumProperty
DragExpandDelay TDCDsgnIntegerProperty
DragCursor TDCDsgnCursorProperty
DeselectOnButton TDCDsgnEnumProperty
Cursor TDCDsgnCursorProperty
Ctl3D TDCDsgnEnumProperty
Constraints TDCDsgnClassProperty
Color TDCDsgnColorProperty
CheckBoxes TDCDsgnEnumProperty
ChangeDelay TDCDsgnIntegerProperty
BorderWidth TDCDsgnIntegerProperty
BorderStyle TDCDsgnEnumProperty
BiDiMode TDCDsgnEnumProperty
AutoScroll TDCDsgnEnumProperty
AutoExpand TDCDsgnEnumProperty
Anchors TDCDsgnSetProperty
AllowMultiDrag TDCDsgnEnumProperty
AllowGrayed TDCDsgnEnumProperty
AlignWithMargins TDCDsgnEnumProperty
Align TDCDsgnEnumProperty
Version TDCDsgnStringProperty
Tag TDCDsgnIntegerProperty
Name TDCDsgnComponentNameProperty
FileName TFileNameEdit
Width TDCDsgnIntegerProperty
Visible TDCDsgnEnumProperty
Version TDCDsgnStringProperty
Top TDCDsgnIntegerProperty
ToolTips TDCDsgnEnumProperty
Tag TDCDsgnIntegerProperty
TabStop TDCDsgnEnumProperty
TabOrder TDCDsgnTabOrderProperty
StateImages TDCDsgnComponentProperty
SortType TDCDsgnEnumProperty
ShowRoot TDCDsgnEnumProperty
ShowLines TDCDsgnEnumProperty
ShowHint TDCDsgnEnumProperty
ShowButtons TDCDsgnEnumProperty
SelectOnlySiblings TDCDsgnEnumProperty
SelectDelay TDCDsgnIntegerProperty
RowSelect TDCDsgnEnumProperty
RightClickSelect TDCDsgnEnumProperty
ReadOnly TDCDsgnEnumProperty
PopupMenu TDCDsgnComponentProperty
ParentShowHint TDCDsgnEnumProperty
ParentFont TDCDsgnEnumProperty
ParentCtl3D TDCDsgnEnumProperty
ParentColor TDCDsgnEnumProperty
ParentBiDiMode TDCDsgnEnumProperty
OnStartDrag TDCDsgnMethodProperty
OnStartDock TDCDsgnMethodProperty
OnSelectionChanged TDCDsgnMethodProperty
OnMouseUp TDCDsgnMethodProperty
OnMouseMove TDCDsgnMethodProperty
OnMouseDown TDCDsgnMethodProperty
OnKeyUp TDCDsgnMethodProperty
OnKeyPress TDCDsgnMethodProperty
OnKeyDown TDCDsgnMethodProperty
OnGetSelectedIndex TDCDsgnMethodProperty
OnGetImageIndex TDCDsgnMethodProperty
OnExpanding TDCDsgnMethodProperty
OnExpanded TDCDsgnMethodProperty
OnExit TDCDsgnMethodProperty
OnEnter TDCDsgnMethodProperty
OnEndDrag TDCDsgnMethodProperty
OnEndDock TDCDsgnMethodProperty
OnEditing TDCDsgnMethodProperty
OnEdited TDCDsgnMethodProperty
OnDragOver TDCDsgnMethodProperty
OnDragDrop TDCDsgnMethodProperty
OnDeletion TDCDsgnMethodProperty
OnDblClick TDCDsgnMethodProperty
OnCustomDrawItem TDCDsgnMethodProperty
OnCustomDraw TDCDsgnMethodProperty
OnCompare TDCDsgnMethodProperty
OnCollapsing TDCDsgnMethodProperty
OnCollapsed TDCDsgnMethodProperty
OnClickCheck TDCDsgnMethodProperty
OnClick TDCDsgnMethodProperty
OnChanging TDCDsgnMethodProperty
OnChange TDCDsgnMethodProperty
OnAdvancedCustomDrawItem TDCDsgnMethodProperty
Name TDCDsgnComponentNameProperty
MultiSelect TDCDsgnEnumProperty
Margins TDCDsgnClassProperty
Left TDCDsgnIntegerProperty
Items TDCModalTreeEdit
Indent TDCDsgnIntegerProperty
Images TDCDsgnComponentProperty
HotTrack TDCDsgnEnumProperty
Hint TDCDsgnStringProperty
HideSelection TDCDsgnEnumProperty
HelpType TDCDsgnEnumProperty
HelpKeyword TDCDsgnStringProperty
HelpContext TDCDsgnIntegerProperty
Height TDCDsgnIntegerProperty
Font TDCDsgnFontProperty
ExpandOnDrag TDCDsgnEnumProperty
Enabled TDCDsgnEnumProperty
DragMode TDCDsgnEnumProperty
DragKind TDCDsgnEnumProperty
DragExpandDelay TDCDsgnIntegerProperty
DragCursor TDCDsgnCursorProperty
DeselectOnButton TDCDsgnEnumProperty
Cursor TDCDsgnCursorProperty
Ctl3D TDCDsgnEnumProperty
Constraints TDCDsgnClassProperty
Color TDCDsgnColorProperty
CheckBoxes TDCDsgnEnumProperty
ChangeDelay TDCDsgnIntegerProperty
BorderWidth TDCDsgnIntegerProperty
BorderStyle TDCDsgnEnumProperty
BiDiMode TDCDsgnEnumProperty
AutoScroll TDCDsgnEnumProperty
AutoExpand TDCDsgnEnumProperty
Anchors TDCDsgnSetProperty
AllowMultiDrag TDCDsgnEnumProperty
AllowGrayed TDCDsgnEnumProperty
AlignWithMargins TDCDsgnEnumProperty
Align TDCDsgnEnumProperty
Text TDCDsgnStringProperty
StateIndex TTreeImageStateEdit
SelectedIndex TTreeImageIndexEdit
ImageIndex TTreeImageIndexEdit
Text TDCDsgnStringProperty
StateIndex TTreeImageStateEdit
SelectedIndex TTreeImageIndexEdit
ImageIndex TTreeImageIndexEdit
Text TDCDsgnStringProperty
StateIndex TTreeImageStateEdit
SelectedIndex TTreeImageIndexEdit
ImageIndex TTreeImageIndexEdit
Text TDCDsgnStringProperty
StateIndex TTreeImageStateEdit
SelectedIndex TTreeImageIndexEdit
ImageIndex TTreeImageIndexEdit
Text TDCDsgnStringProperty
StateIndex TTreeImageStateEdit
SelectedIndex TTreeImageIndexEdit
ImageIndex TTreeImageIndexEdit
Text TDCDsgnStringProperty
StateIndex TTreeImageStateEdit
SelectedIndex TTreeImageIndexEdit
ImageIndex TTreeImageIndexEdit
Text TDCDsgnStringProperty
StateIndex TTreeImageStateEdit
SelectedIndex TTreeImageIndexEdit
ImageIndex TTreeImageIndexEdit
Text TDCDsgnStringProperty
StateIndex TTreeImageStateEdit
SelectedIndex TTreeImageIndexEdit
ImageIndex TTreeImageIndexEdit
Text TDCDsgnStringProperty
StateIndex TTreeImageStateEdit
SelectedIndex TTreeImageIndexEdit
ImageIndex TTreeImageIndexEdit
Text TDCDsgnStringProperty
StateIndex TTreeImageStateEdit
SelectedIndex TTreeImageIndexEdit
ImageIndex TTreeImageIndexEdit
Text TDCDsgnStringProperty
StateIndex TTreeImageStateEdit
SelectedIndex TTreeImageIndexEdit
ImageIndex TTreeImageIndexEdit
Text TDCDsgnStringProperty
StateIndex TTreeImageStateEdit
SelectedIndex TTreeImageIndexEdit
ImageIndex TTreeImageIndexEdit
Text TDCDsgnStringProperty
StateIndex TTreeImageStateEdit
SelectedIndex TTreeImageIndexEdit
ImageIndex TTreeImageIndexEdit
Text TDCDsgnStringProperty
StateIndex TTreeImageStateEdit
SelectedIndex TTreeImageIndexEdit
ImageIndex TTreeImageIndexEdit
Text TDCDsgnStringProperty
StateIndex TTreeImageStateEdit
SelectedIndex TTreeImageIndexEdit
ImageIndex TTreeImageIndexEdit
Text TDCDsgnStringProperty
StateIndex TTreeImageStateEdit
SelectedIndex TTreeImageIndexEdit
ImageIndex TTreeImageIndexEdit
Text TDCDsgnStringProperty
StateIndex TTreeImageStateEdit
SelectedIndex TTreeImageIndexEdit
ImageIndex TTreeImageIndexEdit
TransparentColor TDCDsgnColorProperty
Options TDCDsgnEnumProperty
FillColor TDCDsgnColorProperty
Bitmap TBitmapEdit
TransparentColor TDCDsgnColorProperty
Options TDCDsgnEnumProperty
FillColor TDCDsgnColorProperty
Bitmap TBitmapEdit
TransparentColor TDCDsgnColorProperty
Options TDCDsgnEnumProperty
FillColor TDCDsgnColorProperty
Bitmap TBitmapEdit
TransparentColor TDCDsgnColorProperty
Options TDCDsgnEnumProperty
FillColor TDCDsgnColorProperty
Bitmap TBitmapEdit
TransparentColor TDCDsgnColorProperty
Options TDCDsgnEnumProperty
FillColor TDCDsgnColorProperty
Bitmap TBitmapEdit
TransparentColor TDCDsgnColorProperty
Options TDCDsgnEnumProperty
FillColor TDCDsgnColorProperty
Bitmap TBitmapEdit
TransparentColor TDCDsgnColorProperty
Options TDCDsgnEnumProperty
FillColor TDCDsgnColorProperty
Bitmap TBitmapEdit
TransparentColor TDCDsgnColorProperty
Options TDCDsgnEnumProperty
FillColor TDCDsgnColorProperty
Bitmap TBitmapEdit
TransparentColor TDCDsgnColorProperty
Options TDCDsgnEnumProperty
FillColor TDCDsgnColorProperty
Bitmap TBitmapEdit
TransparentColor TDCDsgnColorProperty
Options TDCDsgnEnumProperty
FillColor TDCDsgnColorProperty
Bitmap TBitmapEdit
TransparentColor TDCDsgnColorProperty
Options TDCDsgnEnumProperty
FillColor TDCDsgnColorProperty
Bitmap TBitmapEdit
TransparentColor TDCDsgnColorProperty
Options TDCDsgnEnumProperty
FillColor TDCDsgnColorProperty
Bitmap TBitmapEdit
TransparentColor TDCDsgnColorProperty
Options TDCDsgnEnumProperty
FillColor TDCDsgnColorProperty
Bitmap TBitmapEdit
TransparentColor TDCDsgnColorProperty
Options TDCDsgnEnumProperty
FillColor TDCDsgnColorProperty
Bitmap TBitmapEdit
TransparentColor TDCDsgnColorProperty
Options TDCDsgnEnumProperty
FillColor TDCDsgnColorProperty
Bitmap TBitmapEdit
TransparentColor TDCDsgnColorProperty
Options TDCDsgnEnumProperty
FillColor TDCDsgnColorProperty
Bitmap TBitmapEdit
TransparentColor TDCDsgnColorProperty
Options TDCDsgnEnumProperty
FillColor TDCDsgnColorProperty
Bitmap TBitmapEdit
TransparentColor TDCDsgnColorProperty
Options TDCDsgnEnumProperty
FillColor TDCDsgnColorProperty
Bitmap TBitmapEdit
TransparentColor TDCDsgnColorProperty
Options TDCDsgnEnumProperty
FillColor TDCDsgnColorProperty
Bitmap TBitmapEdit
TransparentColor TDCDsgnColorProperty
Options TDCDsgnEnumProperty
FillColor TDCDsgnColorProperty
Bitmap TBitmapEdit
TransparentColor TDCDsgnColorProperty
Options TDCDsgnEnumProperty
FillColor TDCDsgnColorProperty
Bitmap TBitmapEdit
TransparentColor TDCDsgnColorProperty
Options TDCDsgnEnumProperty
FillColor TDCDsgnColorProperty
Bitmap TBitmapEdit
TransparentColor TDCDsgnColorProperty
Options TDCDsgnEnumProperty
FillColor TDCDsgnColorProperty
Bitmap TBitmapEdit
TransparentColor TDCDsgnColorProperty
Options TDCDsgnEnumProperty
FillColor TDCDsgnColorProperty
Bitmap TBitmapEdit
Width TDCDsgnIntegerProperty
Visible TDCDsgnEnumProperty
ViewStyle TDCDsgnEnumProperty
Version TDCDsgnStringProperty
Top TDCDsgnIntegerProperty
Tag TDCDsgnIntegerProperty
TabStop TDCDsgnEnumProperty
TabOrder TDCDsgnTabOrderProperty
StateImages TDCDsgnComponentProperty
SortType TDCDsgnEnumProperty
SmallImages TDCDsgnComponentProperty
ShowHint TDCDsgnEnumProperty
ShowColumnHeaders TDCDsgnEnumProperty
SelectDelay TDCDsgnIntegerProperty
RowSelect TDCDsgnEnumProperty
Regional TDCDsgnEnumProperty
ReadOnly TDCDsgnEnumProperty
PopupMenu TDCDsgnComponentProperty
ParentShowHint TDCDsgnEnumProperty
ParentFont TDCDsgnEnumProperty
ParentColor TDCDsgnEnumProperty
ParentBiDiMode TDCDsgnEnumProperty
OwnerDraw TDCDsgnEnumProperty
OwnerData TDCDsgnEnumProperty
OnStartDrag TDCDsgnMethodProperty
OnStartDock TDCDsgnMethodProperty
OnSelectItem TDCDsgnMethodProperty
OnSelectionChanged TDCDsgnMethodProperty
OnResize TDCDsgnMethodProperty
OnMouseUp TDCDsgnMethodProperty
OnMouseMove TDCDsgnMethodProperty
OnMouseDown TDCDsgnMethodProperty
OnKeyUp TDCDsgnMethodProperty
OnKeyPress TDCDsgnMethodProperty
OnKeyDown TDCDsgnMethodProperty
OnInsert TDCDsgnMethodProperty
OnGetImageIndex TDCDsgnMethodProperty
OnExit TDCDsgnMethodProperty
OnEnter TDCDsgnMethodProperty
OnEndDrag TDCDsgnMethodProperty
OnEndDock TDCDsgnMethodProperty
OnEditing TDCDsgnMethodProperty
OnEdited TDCDsgnMethodProperty
OnDrawItem TDCDsgnMethodProperty
OnDragOver TDCDsgnMethodProperty
OnDragDrop TDCDsgnMethodProperty
OnDeletion TDCDsgnMethodProperty
OnDblClick TDCDsgnMethodProperty
OnDataStateChange TDCDsgnMethodProperty
OnDataHint TDCDsgnMethodProperty
OnDataFind TDCDsgnMethodProperty
OnData TDCDsgnMethodProperty
OnCustomDrawSubItem TDCDsgnMethodProperty
OnCustomDrawItem TDCDsgnMethodProperty
OnCustomDraw TDCDsgnMethodProperty
OnCompare TDCDsgnMethodProperty
OnColumnClick TDCDsgnMethodProperty
OnClick TDCDsgnMethodProperty
OnChanging TDCDsgnMethodProperty
OnChange TDCDsgnMethodProperty
Name TDCDsgnComponentNameProperty
MultiSelect TDCDsgnEnumProperty
Margins TDCDsgnClassProperty
Left TDCDsgnIntegerProperty
LargeImages TDCDsgnComponentProperty
Items TDCModalTreeEdit
IconOptions TDCDsgnClassProperty
HotTrackStyles TDCDsgnSetProperty
HotTrack TDCDsgnEnumProperty
Hint TDCDsgnStringProperty
HideSelection TDCDsgnEnumProperty
HelpType TDCDsgnEnumProperty
HelpKeyword TDCDsgnStringProperty
HelpContext TDCDsgnIntegerProperty
Height TDCDsgnIntegerProperty
GridLines TDCDsgnEnumProperty
FullDrag TDCDsgnEnumProperty
Font TDCDsgnFontProperty
FlatScrollBars TDCDsgnEnumProperty
Enabled TDCDsgnEnumProperty
DragMode TDCDsgnEnumProperty
DragKind TDCDsgnEnumProperty
DragCursor TDCDsgnCursorProperty
Cursor TDCDsgnCursorProperty
Ctl3D TDCDsgnEnumProperty
Constraints TDCDsgnClassProperty
Columns TModalCollectEdit
ColumnClick TDCDsgnEnumProperty
Color TDCDsgnColorProperty
CheckStyle TDCDsgnEnumProperty
Checkboxes TDCDsgnEnumProperty
BorderWidth TDCDsgnIntegerProperty
BorderStyle TDCDsgnEnumProperty
BiDiMode TDCDsgnEnumProperty
Anchors TDCDsgnSetProperty
AllocBy TDCDsgnIntegerProperty
AlignWithMargins TDCDsgnEnumProperty
Align TDCDsgnEnumProperty
SubItems TStringListEdit
StateIndex TListImageStateEdit
ImageIndex TListImageIndexEdit
Caption TDCDsgnStringProperty
SubItems TStringListEdit
StateIndex TListImageStateEdit
ImageIndex TListImageIndexEdit
Caption TDCDsgnStringProperty
SubItems TStringListEdit
StateIndex TListImageStateEdit
ImageIndex TListImageIndexEdit
Caption TDCDsgnStringProperty
SubItems TStringListEdit
StateIndex TListImageStateEdit
ImageIndex TListImageIndexEdit
Caption TDCDsgnStringProperty
Width TDCDsgnIntegerProperty
Visible TDCDsgnEnumProperty
ViewStyle TDCDsgnEnumProperty
Version TDCDsgnStringProperty
Top TDCDsgnIntegerProperty
Tag TDCDsgnIntegerProperty
TabStop TDCDsgnEnumProperty
TabOrder TDCDsgnTabOrderProperty
StateImages TDCDsgnComponentProperty
SortType TDCDsgnEnumProperty
SmallImages TDCDsgnComponentProperty
ShowHint TDCDsgnEnumProperty
ShowColumnHeaders TDCDsgnEnumProperty
SelectDelay TDCDsgnIntegerProperty
RowSelect TDCDsgnEnumProperty
Regional TDCDsgnEnumProperty
ReadOnly TDCDsgnEnumProperty
PopupMenu TDCDsgnComponentProperty
ParentShowHint TDCDsgnEnumProperty
ParentFont TDCDsgnEnumProperty
ParentColor TDCDsgnEnumProperty
ParentBiDiMode TDCDsgnEnumProperty
OwnerDraw TDCDsgnEnumProperty
OwnerData TDCDsgnEnumProperty
OnStartDrag TDCDsgnMethodProperty
OnStartDock TDCDsgnMethodProperty
OnSelectItem TDCDsgnMethodProperty
OnSelectionChanged TDCDsgnMethodProperty
OnResize TDCDsgnMethodProperty
OnMouseUp TDCDsgnMethodProperty
OnMouseMove TDCDsgnMethodProperty
OnMouseDown TDCDsgnMethodProperty
OnKeyUp TDCDsgnMethodProperty
OnKeyPress TDCDsgnMethodProperty
OnKeyDown TDCDsgnMethodProperty
OnInsert TDCDsgnMethodProperty
OnGetImageIndex TDCDsgnMethodProperty
OnExit TDCDsgnMethodProperty
OnEnter TDCDsgnMethodProperty
OnEndDrag TDCDsgnMethodProperty
OnEndDock TDCDsgnMethodProperty
OnEditing TDCDsgnMethodProperty
OnEdited TDCDsgnMethodProperty
OnDrawItem TDCDsgnMethodProperty
OnDragOver TDCDsgnMethodProperty
OnDragDrop TDCDsgnMethodProperty
OnDeletion TDCDsgnMethodProperty
OnDblClick TDCDsgnMethodProperty
OnDataStateChange TDCDsgnMethodProperty
OnDataHint TDCDsgnMethodProperty
OnDataFind TDCDsgnMethodProperty
OnData TDCDsgnMethodProperty
OnCustomDrawSubItem TDCDsgnMethodProperty
OnCustomDrawItem TDCDsgnMethodProperty
OnCustomDraw TDCDsgnMethodProperty
OnCompare TDCDsgnMethodProperty
OnColumnClick TDCDsgnMethodProperty
OnClick TDCDsgnMethodProperty
OnChanging TDCDsgnMethodProperty
OnChange TDCDsgnMethodProperty
Name TDCDsgnComponentNameProperty
MultiSelect TDCDsgnEnumProperty
Margins TDCDsgnClassProperty
Left TDCDsgnIntegerProperty
LargeImages TDCDsgnComponentProperty
Items TDCModalTreeEdit
IconOptions TDCDsgnClassProperty
HotTrackStyles TDCDsgnSetProperty
HotTrack TDCDsgnEnumProperty
Hint TDCDsgnStringProperty
HideSelection TDCDsgnEnumProperty
HelpType TDCDsgnEnumProperty
HelpKeyword TDCDsgnStringProperty
HelpContext TDCDsgnIntegerProperty
Height TDCDsgnIntegerProperty
GridLines TDCDsgnEnumProperty
FullDrag TDCDsgnEnumProperty
Font TDCDsgnFontProperty
FlatScrollBars TDCDsgnEnumProperty
Enabled TDCDsgnEnumProperty
DragMode TDCDsgnEnumProperty
DragKind TDCDsgnEnumProperty
DragCursor TDCDsgnCursorProperty
Cursor TDCDsgnCursorProperty
Ctl3D TDCDsgnEnumProperty
Constraints TDCDsgnClassProperty
Columns TModalCollectEdit
ColumnClick TDCDsgnEnumProperty
Color TDCDsgnColorProperty
CheckStyle TDCDsgnEnumProperty
Checkboxes TDCDsgnEnumProperty
BorderWidth TDCDsgnIntegerProperty
BorderStyle TDCDsgnEnumProperty
BiDiMode TDCDsgnEnumProperty
Anchors TDCDsgnSetProperty
AllocBy TDCDsgnIntegerProperty
AlignWithMargins TDCDsgnEnumProperty
Align TDCDsgnEnumProperty
WindowState TDCDsgnEnumProperty
WindowMenu TDCDsgnComponentProperty
Width TDCDsgnIntegerProperty
Visible TDCDsgnEnumProperty
VertScrollBar TDCDsgnClassProperty
UseDockManager TDCDsgnEnumProperty
TransparentColorValue TDCDsgnColorProperty
TransparentColor TDCDsgnEnumProperty
Top TDCDsgnIntegerProperty
Tag TDCDsgnIntegerProperty
SnapBuffer TDCDsgnIntegerProperty
ShowHint TDCDsgnEnumProperty
ScreenSnap TDCDsgnEnumProperty
Scaled TDCDsgnEnumProperty
PrintScale TDCDsgnEnumProperty
Position TDCDsgnEnumProperty
PopupParent TDCDsgnComponentProperty
PopupMode TDCDsgnEnumProperty
PopupMenu TDCDsgnComponentProperty
PixelsPerInch TDCDsgnIntegerProperty
ParentFont TDCDsgnEnumProperty
ParentBiDiMode TDCDsgnEnumProperty
Padding TDCDsgnClassProperty
OldCreateOrder TDCDsgnEnumProperty
ObjectMenuItem TDCDsgnComponentProperty
Name TDCDsgnComponentNameProperty
Menu TDCDsgnComponentProperty
Margins TDCDsgnClassProperty
Left TDCDsgnIntegerProperty
KeyPreview TDCDsgnEnumProperty
Icon TIconEdit
HorzScrollBar TDCDsgnClassProperty
Hint TDCDsgnStringProperty
HelpType TDCDsgnEnumProperty
HelpKeyword TDCDsgnStringProperty
HelpFile TDCDsgnStringProperty
HelpContext TDCDsgnIntegerProperty
Height TDCDsgnIntegerProperty
FormStyle TDCDsgnEnumProperty
Font TDCDsgnFontProperty
Enabled TDCDsgnEnumProperty
DragMode TDCDsgnEnumProperty
DragKind TDCDsgnEnumProperty
DockSite TDCDsgnEnumProperty
DefaultMonitor TDCDsgnEnumProperty
Cursor TDCDsgnCursorProperty
Ctl3D TDCDsgnEnumProperty
Constraints TDCDsgnClassProperty
Color TDCDsgnColorProperty
ClientWidth TDCDsgnIntegerProperty
ClientHeight TDCDsgnIntegerProperty
Caption TDCDsgnCaptionProperty
BorderWidth TDCDsgnIntegerProperty
BorderStyle TDCDsgnEnumProperty
BorderIcons TDCDsgnSetProperty
BiDiMode TDCDsgnEnumProperty
AutoSize TDCDsgnEnumProperty
AutoScroll TDCDsgnEnumProperty
Anchors TDCDsgnSetProperty
AlphaBlendValue TDCDsgnIntegerProperty
AlphaBlend TDCDsgnEnumProperty
AlignWithMargins TDCDsgnEnumProperty
Align TDCDsgnEnumProperty
ActiveControl TDCDsgnComponentProperty
Action TDCDsgnComponentProperty
OnUnDock TDCDsgnMethodProperty
OnStartDock TDCDsgnMethodProperty
OnShow TDCDsgnMethodProperty
OnShortCut TDCDsgnMethodProperty
OnResize TDCDsgnMethodProperty
OnPaint TDCDsgnMethodProperty
OnMouseWheelUp TDCDsgnMethodProperty
OnMouseWheelDown TDCDsgnMethodProperty
OnMouseWheel TDCDsgnMethodProperty
OnMouseUp TDCDsgnMethodProperty
OnMouseMove TDCDsgnMethodProperty
OnMouseLeave TDCDsgnMethodProperty
OnMouseEnter TDCDsgnMethodProperty
OnMouseDown TDCDsgnMethodProperty
OnMouseActivate TDCDsgnMethodProperty
OnKeyUp TDCDsgnMethodProperty
OnKeyPress TDCDsgnMethodProperty
OnKeyDown TDCDsgnMethodProperty
OnHide TDCDsgnMethodProperty
OnHelp TDCDsgnMethodProperty
OnGetSiteInfo TDCDsgnMethodProperty
OnEndDock TDCDsgnMethodProperty
OnDragOver TDCDsgnMethodProperty
OnDragDrop TDCDsgnMethodProperty
OnDockOver TDCDsgnMethodProperty
OnDockDrop TDCDsgnMethodProperty
OnDestroy TDCDsgnMethodProperty
OnDeactivate TDCDsgnMethodProperty
OnDblClick TDCDsgnMethodProperty
OnCreate TDCDsgnMethodProperty
OnContextPopup TDCDsgnMethodProperty
OnConstrainedResize TDCDsgnMethodProperty
OnCloseQuery TDCDsgnMethodProperty
OnClose TDCDsgnMethodProperty
OnClick TDCDsgnMethodProperty
OnCanResize TDCDsgnMethodProperty
OnAlignPosition TDCDsgnMethodProperty
OnAlignInsertBefore TDCDsgnMethodProperty
OnActivate TDCDsgnMethodProperty
OnStartDrag TDCDsgnMethodProperty
OnStartDock TDCDsgnMethodProperty
OnMouseUp TDCDsgnMethodProperty
OnMouseMove TDCDsgnMethodProperty
OnMouseLeave TDCDsgnMethodProperty
OnMouseEnter TDCDsgnMethodProperty
OnMouseDown TDCDsgnMethodProperty
OnMouseActivate TDCDsgnMethodProperty
OnEndDrag TDCDsgnMethodProperty
OnEndDock TDCDsgnMethodProperty
OnDragOver TDCDsgnMethodProperty
OnDragDrop TDCDsgnMethodProperty
OnDblClick TDCDsgnMethodProperty
OnContextPopup TDCDsgnMethodProperty
OnClick TDCDsgnMethodProperty
OnMouseUp TDCDsgnMethodProperty
OnMouseMove TDCDsgnMethodProperty
OnMouseLeave TDCDsgnMethodProperty
OnMouseEnter TDCDsgnMethodProperty
OnMouseDown TDCDsgnMethodProperty
OnMouseActivate TDCDsgnMethodProperty
OnDblClick TDCDsgnMethodProperty
OnClick TDCDsgnMethodProperty
OnStartDrag TDCDsgnMethodProperty
OnStartDock TDCDsgnMethodProperty
OnMouseUp TDCDsgnMethodProperty
OnMouseMove TDCDsgnMethodProperty
OnMouseLeave TDCDsgnMethodProperty
OnMouseEnter TDCDsgnMethodProperty
OnMouseDown TDCDsgnMethodProperty
OnMouseActivate TDCDsgnMethodProperty
OnKeyUp TDCDsgnMethodProperty
OnKeyPress TDCDsgnMethodProperty
OnKeyDown TDCDsgnMethodProperty
OnExit TDCDsgnMethodProperty
OnEnter TDCDsgnMethodProperty
OnEndDrag TDCDsgnMethodProperty
OnEndDock TDCDsgnMethodProperty
OnDragOver TDCDsgnMethodProperty
OnDragDrop TDCDsgnMethodProperty
OnContextPopup TDCDsgnMethodProperty
OnClick TDCDsgnMethodProperty
WordWrap TDCDsgnEnumProperty
Width TDCDsgnIntegerProperty
Visible TDCDsgnEnumProperty
Top TDCDsgnIntegerProperty
Tag TDCDsgnIntegerProperty
TabStop TDCDsgnEnumProperty
TabOrder TDCDsgnTabOrderProperty
ShowHint TDCDsgnEnumProperty
PopupMenu TDCDsgnComponentProperty
ParentShowHint TDCDsgnEnumProperty
ParentFont TDCDsgnEnumProperty
ParentBiDiMode TDCDsgnEnumProperty
Name TDCDsgnComponentNameProperty
ModalResult TDCDsgnModalResultProperty
Margins TDCDsgnClassProperty
Left TDCDsgnIntegerProperty
Hint TDCDsgnStringProperty
HelpType TDCDsgnEnumProperty
HelpKeyword TDCDsgnStringProperty
HelpContext TDCDsgnIntegerProperty
Height TDCDsgnIntegerProperty
Font TDCDsgnFontProperty
Enabled TDCDsgnEnumProperty
DragMode TDCDsgnEnumProperty
DragKind TDCDsgnEnumProperty
DragCursor TDCDsgnCursorProperty
Default TDCDsgnEnumProperty
Cursor TDCDsgnCursorProperty
Constraints TDCDsgnClassProperty
Caption TDCDsgnCaptionProperty
Cancel TDCDsgnEnumProperty
BiDiMode TDCDsgnEnumProperty
Anchors TDCDsgnSetProperty
AlignWithMargins TDCDsgnEnumProperty
Align TDCDsgnEnumProperty
Action TDCDsgnComponentProperty
WindowState TDCDsgnEnumProperty
WindowMenu TDCDsgnComponentProperty
Width TDCDsgnIntegerProperty
Visible TDCDsgnEnumProperty
VertScrollBar TDCDsgnClassProperty
UseDockManager TDCDsgnEnumProperty
TransparentColorValue TDCDsgnColorProperty
TransparentColor TDCDsgnEnumProperty
Top TDCDsgnIntegerProperty
Tag TDCDsgnIntegerProperty
SnapBuffer TDCDsgnIntegerProperty
ShowHint TDCDsgnEnumProperty
ScreenSnap TDCDsgnEnumProperty
Scaled TDCDsgnEnumProperty
PrintScale TDCDsgnEnumProperty
Position TDCDsgnEnumProperty
PopupParent TDCDsgnComponentProperty
PopupMode TDCDsgnEnumProperty
PopupMenu TDCDsgnComponentProperty
PixelsPerInch TDCDsgnIntegerProperty
ParentFont TDCDsgnEnumProperty
ParentBiDiMode TDCDsgnEnumProperty
Padding TDCDsgnClassProperty
OldCreateOrder TDCDsgnEnumProperty
ObjectMenuItem TDCDsgnComponentProperty
Name TDCDsgnComponentNameProperty
Menu TDCDsgnComponentProperty
Margins TDCDsgnClassProperty
Left TDCDsgnIntegerProperty
KeyPreview TDCDsgnEnumProperty
Icon TIconEdit
HorzScrollBar TDCDsgnClassProperty
Hint TDCDsgnStringProperty
HelpType TDCDsgnEnumProperty
HelpKeyword TDCDsgnStringProperty
HelpFile TDCDsgnStringProperty
HelpContext TDCDsgnIntegerProperty
Height TDCDsgnIntegerProperty
FormStyle TDCDsgnEnumProperty
Font TDCDsgnFontProperty
Enabled TDCDsgnEnumProperty
DragMode TDCDsgnEnumProperty
DragKind TDCDsgnEnumProperty
DockSite TDCDsgnEnumProperty
DefaultMonitor TDCDsgnEnumProperty
Cursor TDCDsgnCursorProperty
Ctl3D TDCDsgnEnumProperty
Constraints TDCDsgnClassProperty
Color TDCDsgnColorProperty
ClientWidth TDCDsgnIntegerProperty
ClientHeight TDCDsgnIntegerProperty
Caption TDCDsgnCaptionProperty
BorderWidth TDCDsgnIntegerProperty
BorderStyle TDCDsgnEnumProperty
BorderIcons TDCDsgnSetProperty
BiDiMode TDCDsgnEnumProperty
AutoSize TDCDsgnEnumProperty
AutoScroll TDCDsgnEnumProperty
Anchors TDCDsgnSetProperty
AlphaBlendValue TDCDsgnIntegerProperty
AlphaBlend TDCDsgnEnumProperty
AlignWithMargins TDCDsgnEnumProperty
Align TDCDsgnEnumProperty
ActiveControl TDCDsgnComponentProperty
Action TDCDsgnComponentProperty
