D:\GulfStreamSource\trunk\Sources\Components\OppComp\kbmMemTable.pas not found
D:\GulfStreamSource\trunk\Sources\Components\OppComp\oppconfiguration.pas not found
D:\GulfStreamSource\trunk\Sources\Components\OppComp\Opp_forms_MessageBox.pas not found
D:\GulfStreamSource\trunk\Sources\Components\OppComp\OPPForm_OPPReportErrors.pas not found
D:\GulfStreamSource\trunk\Sources\Components\OppComp\OPPdlgErrorCheck.pas not found
D:\GulfStreamSource\trunk\Sources\Components\OppComp\OPPConnectDM.pas not found
D:\GulfStreamSource\trunk\Sources\Components\OppComp\uOPPAdoQuery.pas not found
D:\GulfStreamSource\trunk\Sources\Components\OppComp\uCallMethod.pas not found
D:\GulfStreamSource\trunk\Sources\Components\OppComp\SQLUtils.pas not found
D:\GulfStreamSource\trunk\Sources\Components\OppComp\kbmMemTable.pas not found
D:\GulfStreamSource\trunk\Sources\Components\OppComp\oppconfiguration.pas not found
D:\GulfStreamSource\trunk\Sources\Components\OppComp\Opp_forms_MessageBox.pas not found
D:\GulfStreamSource\trunk\Sources\Components\OppComp\OPPForm_OPPReportErrors.pas not found
D:\GulfStreamSource\trunk\Sources\Components\OppComp\OPPdlgErrorCheck.pas not found
D:\GulfStreamSource\trunk\Sources\Components\OppComp\OPPConnectDM.pas not found
D:\GulfStreamSource\trunk\Sources\Components\OppComp\uOPPAdoQuery.pas not found
D:\GulfStreamSource\trunk\Sources\Components\OppComp\uCallMethod.pas not found
D:\GulfStreamSource\trunk\Sources\Components\OppComp\SQLUtils.pas not found
D:\GulfStreamSource\trunk\Sources\Components\OppComp\kbmMemTable.pas not found
D:\GulfStreamSource\trunk\Sources\Components\OppComp\oppconfiguration.pas not found
D:\GulfStreamSource\trunk\Sources\Components\OppComp\Opp_forms_MessageBox.pas not found
D:\GulfStreamSource\trunk\Sources\Components\OppComp\OPPForm_OPPReportErrors.pas not found
D:\GulfStreamSource\trunk\Sources\Components\OppComp\OPPdlgErrorCheck.pas not found
D:\GulfStreamSource\trunk\Sources\Components\OppComp\OPPConnectDM.pas not found
D:\GulfStreamSource\trunk\Sources\Components\OppComp\uOPPAdoQuery.pas not found
D:\GulfStreamSource\trunk\Sources\Components\OppComp\uCallMethod.pas not found
D:\GulfStreamSource\trunk\Sources\Components\OppComp\SQLUtils.pas not found
D:\GulfStreamSource\trunk\Sources\Components\OppComp\kbmMemTable.pas not found
D:\GulfStreamSource\trunk\Sources\Components\OppComp\oppconfiguration.pas not found
D:\GulfStreamSource\trunk\Sources\Components\OppComp\Opp_forms_MessageBox.pas not found
D:\GulfStreamSource\trunk\Sources\Components\OppComp\OPPForm_OPPReportErrors.pas not found
D:\GulfStreamSource\trunk\Sources\Components\OppComp\OPPdlgErrorCheck.pas not found
D:\GulfStreamSource\trunk\Sources\Components\OppComp\OPPConnectDM.pas not found
D:\GulfStreamSource\trunk\Sources\Components\OppComp\uOPPAdoQuery.pas not found
D:\GulfStreamSource\trunk\Sources\Components\OppComp\uCallMethod.pas not found
D:\GulfStreamSource\trunk\Sources\Components\OppComp\SQLUtils.pas not found
D:\GulfStreamSource\trunk\Sources\Components\OppComp\kbmMemTable.pas not found
D:\GulfStreamSource\trunk\Sources\Components\OppComp\oppconfiguration.pas not found
D:\GulfStreamSource\trunk\Sources\Components\OppComp\Opp_forms_MessageBox.pas not found
D:\GulfStreamSource\trunk\Sources\Components\OppComp\OPPForm_OPPReportErrors.pas not found
D:\GulfStreamSource\trunk\Sources\Components\OppComp\OPPdlgErrorCheck.pas not found
D:\GulfStreamSource\trunk\Sources\Components\OppComp\OPPConnectDM.pas not found
D:\GulfStreamSource\trunk\Sources\Components\OppComp\uOPPAdoQuery.pas not found
D:\GulfStreamSource\trunk\Sources\Components\OppComp\uCallMethod.pas not found
D:\GulfStreamSource\trunk\Sources\Components\OppComp\SQLUtils.pas not found
