Tag TDCDsgnIntegerProperty
Name TDCDsgnStringProperty
c TDCDsgnIntegerProperty
Tag TDCDsgnIntegerProperty
Name TDCDsgnStringProperty
c TDCDsgnIntegerProperty
Version TDCDsgnStringProperty
UseModule TDCDsgnEnumProperty
UseExceptions TDCDsgnEnumProperty
Tag TDCDsgnIntegerProperty
ScriptName TDCDsgnStringProperty
ScriptFile TDCDsgnStringProperty
Script TStringListEdit
OnSetUserVar TDCDsgnMethodProperty
OnModuleLoaded TDCDsgnMethodProperty
OnGetUserVarID TDCDsgnMethodProperty
OnGetUserVar TDCDsgnMethodProperty
OnGetUnitScripter TDCDsgnMethodProperty
OnGetUnitFileName TDCDsgnMethodProperty
OnError TDCDsgnMethodProperty
OnAutoCreateForm TDCDsgnMethodProperty
Name TDCDsgnComponentNameProperty
Module TDCDsgnComponentProperty
ModalRun TDCDsgnEnumProperty
LinkEvents TDCDsgnEnumProperty
Language TDCDsgnStringProperty
Events TDCDsgnClassProperty
Version TDCDsgnStringProperty
UseModule TDCDsgnEnumProperty
UseExceptions TDCDsgnEnumProperty
Tag TDCDsgnIntegerProperty
ScriptName TDCDsgnStringProperty
ScriptFile TDCDsgnStringProperty
Script TStringListEdit
OnSetUserVar TDCDsgnMethodProperty
OnModuleLoaded TDCDsgnMethodProperty
OnGetUserVarID TDCDsgnMethodProperty
OnGetUserVar TDCDsgnMethodProperty
OnGetUnitScripter TDCDsgnMethodProperty
OnGetUnitFileName TDCDsgnMethodProperty
OnError TDCDsgnMethodProperty
OnAutoCreateForm TDCDsgnMethodProperty
Name TDCDsgnComponentNameProperty
Module TDCDsgnComponentProperty
ModalRun TDCDsgnEnumProperty
LinkEvents TDCDsgnEnumProperty
Language TDCDsgnStringProperty
Events TDCDsgnClassProperty
